16-08-2023 12:40:35.581 [main] INFO   org.vicary.Main                     : Starting Main using Java 20 with PID 59481 (/Users/vicary/IdeaProjects/TelegramBot/target/classes started by vicary in /Users/vicary/IdeaProjects/TelegramBot)
16-08-2023 12:40:35.582 [main] DEBUG  org.vicary.Main                     : Running with Spring Boot v3.1.2, Spring v6.0.11
16-08-2023 12:40:35.582 [main] INFO   org.vicary.Main                     : No active profile set, falling back to 1 default profile: "default"
16-08-2023 12:40:37.674 [main] INFO   org.vicary.Main                     : Started Main in 2.374 seconds (process running for 2.581)
16-08-2023 12:40:38.510 [Thread-1] INFO   o.v.s.thread.UpdatePollingThread    : INFO LOGGER TEST
16-08-2023 12:40:39.416 [Thread-1] ERROR  o.v.s.thread.UpdatePollingThread    : ---------------------------
16-08-2023 12:40:39.416 [Thread-1] ERROR  o.v.s.thread.UpdatePollingThread    : Status code: 404 NOT_FOUND
16-08-2023 12:40:39.416 [Thread-1] ERROR  o.v.s.thread.UpdatePollingThread    : Description: Not Found
16-08-2023 12:40:39.416 [Thread-1] ERROR  o.v.s.thread.UpdatePollingThread    : Check your bot token etc. and try again.
16-08-2023 12:40:39.416 [Thread-1] ERROR  o.v.s.thread.UpdatePollingThread    : ---------------------------
16-08-2023 12:42:36.798 [main] INFO   org.vicary.Main                     : Starting Main using Java 20 with PID 59519 (/Users/vicary/IdeaProjects/TelegramBot/target/classes started by vicary in /Users/vicary/IdeaProjects/TelegramBot)
16-08-2023 12:42:36.799 [main] DEBUG  org.vicary.Main                     : Running with Spring Boot v3.1.2, Spring v6.0.11
16-08-2023 12:42:36.799 [main] INFO   org.vicary.Main                     : No active profile set, falling back to 1 default profile: "default"
16-08-2023 12:42:38.799 [main] INFO   org.vicary.Main                     : Started Main in 2.29 seconds (process running for 2.517)
16-08-2023 12:42:39.645 [Thread-1] INFO   o.v.s.thread.UpdatePollingThread    : INFO LOGGER TEST
16-08-2023 12:42:40.340 [Thread-1] ERROR  o.v.s.thread.UpdatePollingThread    : ---------------------------
16-08-2023 12:42:40.341 [Thread-1] ERROR  o.v.s.thread.UpdatePollingThread    : Status code: 404 NOT_FOUND
16-08-2023 12:42:40.341 [Thread-1] ERROR  o.v.s.thread.UpdatePollingThread    : Description: Not Found
16-08-2023 12:42:40.341 [Thread-1] ERROR  o.v.s.thread.UpdatePollingThread    : Check your bot token etc. and try again.
16-08-2023 12:42:40.341 [Thread-1] ERROR  o.v.s.thread.UpdatePollingThread    : ---------------------------
16-08-2023 12:43:45.129 [main] INFO   org.vicary.Main                     : Starting Main using Java 20 with PID 59552 (/Users/vicary/IdeaProjects/TelegramBot/target/classes started by vicary in /Users/vicary/IdeaProjects/TelegramBot)
16-08-2023 12:43:45.129 [main] DEBUG  org.vicary.Main                     : Running with Spring Boot v3.1.2, Spring v6.0.11
16-08-2023 12:43:45.130 [main] INFO   org.vicary.Main                     : No active profile set, falling back to 1 default profile: "default"
16-08-2023 12:43:47.093 [main] INFO   org.vicary.Main                     : Started Main in 2.214 seconds (process running for 2.427)
16-08-2023 12:43:47.935 [Thread-1] INFO   o.v.s.thread.UpdatePollingThread    : INFO LOGGER TEST
16-08-2023 12:43:48.262 [Thread-1] WARN   o.v.s.thread.UpdatePollingThread    : ---------------------------
16-08-2023 12:43:48.262 [Thread-1] WARN   o.v.s.thread.UpdatePollingThread    : Can't connect to Telegram, check your internet connection.
16-08-2023 12:43:48.262 [Thread-1] WARN   o.v.s.thread.UpdatePollingThread    : Trying to reconnect...
16-08-2023 12:43:48.262 [Thread-1] WARN   o.v.s.thread.UpdatePollingThread    : ---------------------------
16-08-2023 12:43:53.934 [Thread-1] WARN   o.v.s.thread.UpdatePollingThread    : ---------------------------
16-08-2023 12:43:53.935 [Thread-1] WARN   o.v.s.thread.UpdatePollingThread    : Can't connect to Telegram, check your internet connection.
16-08-2023 12:43:53.935 [Thread-1] WARN   o.v.s.thread.UpdatePollingThread    : Trying to reconnect...
16-08-2023 12:43:53.935 [Thread-1] WARN   o.v.s.thread.UpdatePollingThread    : ---------------------------
16-08-2023 12:43:59.607 [Thread-1] WARN   o.v.s.thread.UpdatePollingThread    : ---------------------------
16-08-2023 12:43:59.607 [Thread-1] WARN   o.v.s.thread.UpdatePollingThread    : Can't connect to Telegram, check your internet connection.
16-08-2023 12:43:59.607 [Thread-1] WARN   o.v.s.thread.UpdatePollingThread    : Trying to reconnect...
16-08-2023 12:43:59.607 [Thread-1] WARN   o.v.s.thread.UpdatePollingThread    : ---------------------------
16-08-2023 12:44:05.276 [Thread-1] WARN   o.v.s.thread.UpdatePollingThread    : ---------------------------
16-08-2023 12:44:05.277 [Thread-1] WARN   o.v.s.thread.UpdatePollingThread    : Can't connect to Telegram, check your internet connection.
16-08-2023 12:44:05.277 [Thread-1] WARN   o.v.s.thread.UpdatePollingThread    : Trying to reconnect...
16-08-2023 12:44:05.277 [Thread-1] WARN   o.v.s.thread.UpdatePollingThread    : ---------------------------
16-08-2023 12:44:10.953 [Thread-1] WARN   o.v.s.thread.UpdatePollingThread    : ---------------------------
16-08-2023 12:44:10.953 [Thread-1] WARN   o.v.s.thread.UpdatePollingThread    : Can't connect to Telegram, check your internet connection.
16-08-2023 12:44:10.953 [Thread-1] WARN   o.v.s.thread.UpdatePollingThread    : Trying to reconnect...
16-08-2023 12:44:10.953 [Thread-1] WARN   o.v.s.thread.UpdatePollingThread    : ---------------------------
16-08-2023 12:44:16.623 [Thread-1] WARN   o.v.s.thread.UpdatePollingThread    : ---------------------------
16-08-2023 12:44:16.625 [Thread-1] WARN   o.v.s.thread.UpdatePollingThread    : Can't connect to Telegram, check your internet connection.
16-08-2023 12:44:16.625 [Thread-1] WARN   o.v.s.thread.UpdatePollingThread    : Trying to reconnect...
16-08-2023 12:44:16.625 [Thread-1] WARN   o.v.s.thread.UpdatePollingThread    : ---------------------------
16-08-2023 12:44:22.297 [Thread-1] WARN   o.v.s.thread.UpdatePollingThread    : ---------------------------
16-08-2023 12:44:22.297 [Thread-1] WARN   o.v.s.thread.UpdatePollingThread    : Can't connect to Telegram, check your internet connection.
16-08-2023 12:44:22.297 [Thread-1] WARN   o.v.s.thread.UpdatePollingThread    : Trying to reconnect...
16-08-2023 12:44:22.298 [Thread-1] WARN   o.v.s.thread.UpdatePollingThread    : ---------------------------
16-08-2023 12:44:27.968 [Thread-1] WARN   o.v.s.thread.UpdatePollingThread    : ---------------------------
16-08-2023 12:44:27.968 [Thread-1] WARN   o.v.s.thread.UpdatePollingThread    : Can't connect to Telegram, check your internet connection.
16-08-2023 12:44:27.969 [Thread-1] WARN   o.v.s.thread.UpdatePollingThread    : Trying to reconnect...
16-08-2023 12:44:27.969 [Thread-1] WARN   o.v.s.thread.UpdatePollingThread    : ---------------------------
16-08-2023 12:44:33.639 [Thread-1] WARN   o.v.s.thread.UpdatePollingThread    : ---------------------------
16-08-2023 12:44:33.639 [Thread-1] WARN   o.v.s.thread.UpdatePollingThread    : Can't connect to Telegram, check your internet connection.
16-08-2023 12:44:33.639 [Thread-1] WARN   o.v.s.thread.UpdatePollingThread    : Trying to reconnect...
16-08-2023 12:44:33.639 [Thread-1] WARN   o.v.s.thread.UpdatePollingThread    : ---------------------------
16-08-2023 12:44:39.308 [Thread-1] WARN   o.v.s.thread.UpdatePollingThread    : ---------------------------
16-08-2023 12:44:39.309 [Thread-1] WARN   o.v.s.thread.UpdatePollingThread    : Can't connect to Telegram, check your internet connection.
16-08-2023 12:44:39.309 [Thread-1] WARN   o.v.s.thread.UpdatePollingThread    : Trying to reconnect...
16-08-2023 12:44:39.309 [Thread-1] WARN   o.v.s.thread.UpdatePollingThread    : ---------------------------
16-08-2023 12:44:44.977 [Thread-1] WARN   o.v.s.thread.UpdatePollingThread    : ---------------------------
16-08-2023 12:44:44.978 [Thread-1] WARN   o.v.s.thread.UpdatePollingThread    : Can't connect to Telegram, check your internet connection.
16-08-2023 12:44:44.978 [Thread-1] WARN   o.v.s.thread.UpdatePollingThread    : Trying to reconnect...
16-08-2023 12:44:44.978 [Thread-1] WARN   o.v.s.thread.UpdatePollingThread    : ---------------------------
16-08-2023 12:44:50.645 [Thread-1] WARN   o.v.s.thread.UpdatePollingThread    : ---------------------------
16-08-2023 12:44:50.645 [Thread-1] WARN   o.v.s.thread.UpdatePollingThread    : Can't connect to Telegram, check your internet connection.
16-08-2023 12:44:50.645 [Thread-1] WARN   o.v.s.thread.UpdatePollingThread    : Trying to reconnect...
16-08-2023 12:44:50.645 [Thread-1] WARN   o.v.s.thread.UpdatePollingThread    : ---------------------------
16-08-2023 12:44:56.314 [Thread-1] WARN   o.v.s.thread.UpdatePollingThread    : ---------------------------
16-08-2023 12:44:56.314 [Thread-1] WARN   o.v.s.thread.UpdatePollingThread    : Can't connect to Telegram, check your internet connection.
16-08-2023 12:44:56.314 [Thread-1] WARN   o.v.s.thread.UpdatePollingThread    : Trying to reconnect...
16-08-2023 12:44:56.314 [Thread-1] WARN   o.v.s.thread.UpdatePollingThread    : ---------------------------
16-08-2023 12:45:01.987 [Thread-1] WARN   o.v.s.thread.UpdatePollingThread    : ---------------------------
16-08-2023 12:45:01.987 [Thread-1] WARN   o.v.s.thread.UpdatePollingThread    : Can't connect to Telegram, check your internet connection.
16-08-2023 12:45:01.987 [Thread-1] WARN   o.v.s.thread.UpdatePollingThread    : Trying to reconnect...
16-08-2023 12:45:01.988 [Thread-1] WARN   o.v.s.thread.UpdatePollingThread    : ---------------------------
16-08-2023 12:45:07.659 [Thread-1] WARN   o.v.s.thread.UpdatePollingThread    : ---------------------------
16-08-2023 12:45:07.659 [Thread-1] WARN   o.v.s.thread.UpdatePollingThread    : Can't connect to Telegram, check your internet connection.
16-08-2023 12:45:07.659 [Thread-1] WARN   o.v.s.thread.UpdatePollingThread    : Trying to reconnect...
16-08-2023 12:45:07.659 [Thread-1] WARN   o.v.s.thread.UpdatePollingThread    : ---------------------------
16-08-2023 12:45:13.331 [Thread-1] WARN   o.v.s.thread.UpdatePollingThread    : ---------------------------
16-08-2023 12:45:13.331 [Thread-1] WARN   o.v.s.thread.UpdatePollingThread    : Can't connect to Telegram, check your internet connection.
16-08-2023 12:45:13.331 [Thread-1] WARN   o.v.s.thread.UpdatePollingThread    : Trying to reconnect...
16-08-2023 12:45:13.331 [Thread-1] WARN   o.v.s.thread.UpdatePollingThread    : ---------------------------
16-08-2023 12:45:19.004 [Thread-1] WARN   o.v.s.thread.UpdatePollingThread    : ---------------------------
16-08-2023 12:45:19.005 [Thread-1] WARN   o.v.s.thread.UpdatePollingThread    : Can't connect to Telegram, check your internet connection.
16-08-2023 12:45:19.005 [Thread-1] WARN   o.v.s.thread.UpdatePollingThread    : Trying to reconnect...
16-08-2023 12:45:19.005 [Thread-1] WARN   o.v.s.thread.UpdatePollingThread    : ---------------------------
16-08-2023 12:45:24.677 [Thread-1] WARN   o.v.s.thread.UpdatePollingThread    : ---------------------------
16-08-2023 12:45:24.677 [Thread-1] WARN   o.v.s.thread.UpdatePollingThread    : Can't connect to Telegram, check your internet connection.
16-08-2023 12:45:24.678 [Thread-1] WARN   o.v.s.thread.UpdatePollingThread    : Trying to reconnect...
16-08-2023 12:45:24.678 [Thread-1] WARN   o.v.s.thread.UpdatePollingThread    : ---------------------------
16-08-2023 12:45:30.341 [Thread-1] WARN   o.v.s.thread.UpdatePollingThread    : ---------------------------
16-08-2023 12:45:30.342 [Thread-1] WARN   o.v.s.thread.UpdatePollingThread    : Can't connect to Telegram, check your internet connection.
16-08-2023 12:45:30.342 [Thread-1] WARN   o.v.s.thread.UpdatePollingThread    : Trying to reconnect...
16-08-2023 12:45:30.342 [Thread-1] WARN   o.v.s.thread.UpdatePollingThread    : ---------------------------
16-08-2023 12:45:36.009 [Thread-1] WARN   o.v.s.thread.UpdatePollingThread    : ---------------------------
16-08-2023 12:45:36.009 [Thread-1] WARN   o.v.s.thread.UpdatePollingThread    : Can't connect to Telegram, check your internet connection.
16-08-2023 12:45:36.009 [Thread-1] WARN   o.v.s.thread.UpdatePollingThread    : Trying to reconnect...
16-08-2023 12:45:36.009 [Thread-1] WARN   o.v.s.thread.UpdatePollingThread    : ---------------------------
16-08-2023 12:45:41.695 [Thread-1] WARN   o.v.s.thread.UpdatePollingThread    : ---------------------------
16-08-2023 12:45:41.696 [Thread-1] WARN   o.v.s.thread.UpdatePollingThread    : Can't connect to Telegram, check your internet connection.
16-08-2023 12:45:41.696 [Thread-1] WARN   o.v.s.thread.UpdatePollingThread    : Trying to reconnect...
16-08-2023 12:45:41.696 [Thread-1] WARN   o.v.s.thread.UpdatePollingThread    : ---------------------------
16-08-2023 12:45:47.367 [Thread-1] WARN   o.v.s.thread.UpdatePollingThread    : ---------------------------
16-08-2023 12:45:47.368 [Thread-1] WARN   o.v.s.thread.UpdatePollingThread    : Can't connect to Telegram, check your internet connection.
16-08-2023 12:45:47.368 [Thread-1] WARN   o.v.s.thread.UpdatePollingThread    : Trying to reconnect...
16-08-2023 12:45:47.368 [Thread-1] WARN   o.v.s.thread.UpdatePollingThread    : ---------------------------
16-08-2023 12:45:53.040 [Thread-1] WARN   o.v.s.thread.UpdatePollingThread    : ---------------------------
16-08-2023 12:45:53.041 [Thread-1] WARN   o.v.s.thread.UpdatePollingThread    : Can't connect to Telegram, check your internet connection.
16-08-2023 12:45:53.041 [Thread-1] WARN   o.v.s.thread.UpdatePollingThread    : Trying to reconnect...
16-08-2023 12:45:53.041 [Thread-1] WARN   o.v.s.thread.UpdatePollingThread    : ---------------------------
16-08-2023 12:45:58.724 [Thread-1] WARN   o.v.s.thread.UpdatePollingThread    : ---------------------------
16-08-2023 12:45:58.731 [Thread-1] WARN   o.v.s.thread.UpdatePollingThread    : Can't connect to Telegram, check your internet connection.
16-08-2023 12:45:58.731 [Thread-1] WARN   o.v.s.thread.UpdatePollingThread    : Trying to reconnect...
16-08-2023 12:45:58.731 [Thread-1] WARN   o.v.s.thread.UpdatePollingThread    : ---------------------------
16-08-2023 12:46:04.403 [Thread-1] WARN   o.v.s.thread.UpdatePollingThread    : ---------------------------
16-08-2023 12:46:04.403 [Thread-1] WARN   o.v.s.thread.UpdatePollingThread    : Can't connect to Telegram, check your internet connection.
16-08-2023 12:46:04.403 [Thread-1] WARN   o.v.s.thread.UpdatePollingThread    : Trying to reconnect...
16-08-2023 12:46:04.403 [Thread-1] WARN   o.v.s.thread.UpdatePollingThread    : ---------------------------
16-08-2023 12:46:10.071 [Thread-1] WARN   o.v.s.thread.UpdatePollingThread    : ---------------------------
16-08-2023 12:46:10.072 [Thread-1] WARN   o.v.s.thread.UpdatePollingThread    : Can't connect to Telegram, check your internet connection.
16-08-2023 12:46:10.072 [Thread-1] WARN   o.v.s.thread.UpdatePollingThread    : Trying to reconnect...
16-08-2023 12:46:10.072 [Thread-1] WARN   o.v.s.thread.UpdatePollingThread    : ---------------------------
16-08-2023 12:46:15.742 [Thread-1] WARN   o.v.s.thread.UpdatePollingThread    : ---------------------------
16-08-2023 12:46:15.743 [Thread-1] WARN   o.v.s.thread.UpdatePollingThread    : Can't connect to Telegram, check your internet connection.
16-08-2023 12:46:15.743 [Thread-1] WARN   o.v.s.thread.UpdatePollingThread    : Trying to reconnect...
16-08-2023 12:46:15.743 [Thread-1] WARN   o.v.s.thread.UpdatePollingThread    : ---------------------------
16-08-2023 12:46:21.410 [Thread-1] WARN   o.v.s.thread.UpdatePollingThread    : ---------------------------
16-08-2023 12:46:21.411 [Thread-1] WARN   o.v.s.thread.UpdatePollingThread    : Can't connect to Telegram, check your internet connection.
16-08-2023 12:46:21.411 [Thread-1] WARN   o.v.s.thread.UpdatePollingThread    : Trying to reconnect...
16-08-2023 12:46:21.412 [Thread-1] WARN   o.v.s.thread.UpdatePollingThread    : ---------------------------
16-08-2023 12:46:27.080 [Thread-1] WARN   o.v.s.thread.UpdatePollingThread    : ---------------------------
16-08-2023 12:46:27.080 [Thread-1] WARN   o.v.s.thread.UpdatePollingThread    : Can't connect to Telegram, check your internet connection.
16-08-2023 12:46:27.080 [Thread-1] WARN   o.v.s.thread.UpdatePollingThread    : Trying to reconnect...
16-08-2023 12:46:27.080 [Thread-1] WARN   o.v.s.thread.UpdatePollingThread    : ---------------------------
16-08-2023 12:46:32.763 [Thread-1] WARN   o.v.s.thread.UpdatePollingThread    : ---------------------------
16-08-2023 12:46:32.765 [Thread-1] WARN   o.v.s.thread.UpdatePollingThread    : Can't connect to Telegram, check your internet connection.
16-08-2023 12:46:32.765 [Thread-1] WARN   o.v.s.thread.UpdatePollingThread    : Trying to reconnect...
16-08-2023 12:46:32.765 [Thread-1] WARN   o.v.s.thread.UpdatePollingThread    : ---------------------------
16-08-2023 12:46:38.436 [Thread-1] WARN   o.v.s.thread.UpdatePollingThread    : ---------------------------
16-08-2023 12:46:38.437 [Thread-1] WARN   o.v.s.thread.UpdatePollingThread    : Can't connect to Telegram, check your internet connection.
16-08-2023 12:46:38.437 [Thread-1] WARN   o.v.s.thread.UpdatePollingThread    : Trying to reconnect...
16-08-2023 12:46:38.437 [Thread-1] WARN   o.v.s.thread.UpdatePollingThread    : ---------------------------
16-08-2023 12:46:44.104 [Thread-1] WARN   o.v.s.thread.UpdatePollingThread    : ---------------------------
16-08-2023 12:46:44.104 [Thread-1] WARN   o.v.s.thread.UpdatePollingThread    : Can't connect to Telegram, check your internet connection.
16-08-2023 12:46:44.104 [Thread-1] WARN   o.v.s.thread.UpdatePollingThread    : Trying to reconnect...
16-08-2023 12:46:44.104 [Thread-1] WARN   o.v.s.thread.UpdatePollingThread    : ---------------------------
16-08-2023 12:46:49.774 [Thread-1] WARN   o.v.s.thread.UpdatePollingThread    : ---------------------------
16-08-2023 12:46:49.774 [Thread-1] WARN   o.v.s.thread.UpdatePollingThread    : Can't connect to Telegram, check your internet connection.
16-08-2023 12:46:49.774 [Thread-1] WARN   o.v.s.thread.UpdatePollingThread    : Trying to reconnect...
16-08-2023 12:46:49.774 [Thread-1] WARN   o.v.s.thread.UpdatePollingThread    : ---------------------------
16-08-2023 12:46:55.442 [Thread-1] WARN   o.v.s.thread.UpdatePollingThread    : ---------------------------
16-08-2023 12:46:55.442 [Thread-1] WARN   o.v.s.thread.UpdatePollingThread    : Can't connect to Telegram, check your internet connection.
16-08-2023 12:46:55.443 [Thread-1] WARN   o.v.s.thread.UpdatePollingThread    : Trying to reconnect...
16-08-2023 12:46:55.443 [Thread-1] WARN   o.v.s.thread.UpdatePollingThread    : ---------------------------
16-08-2023 12:47:01.111 [Thread-1] WARN   o.v.s.thread.UpdatePollingThread    : ---------------------------
16-08-2023 12:47:01.112 [Thread-1] WARN   o.v.s.thread.UpdatePollingThread    : Can't connect to Telegram, check your internet connection.
16-08-2023 12:47:01.112 [Thread-1] WARN   o.v.s.thread.UpdatePollingThread    : Trying to reconnect...
16-08-2023 12:47:01.112 [Thread-1] WARN   o.v.s.thread.UpdatePollingThread    : ---------------------------
16-08-2023 12:47:06.785 [Thread-1] WARN   o.v.s.thread.UpdatePollingThread    : ---------------------------
16-08-2023 12:47:06.786 [Thread-1] WARN   o.v.s.thread.UpdatePollingThread    : Can't connect to Telegram, check your internet connection.
16-08-2023 12:47:06.786 [Thread-1] WARN   o.v.s.thread.UpdatePollingThread    : Trying to reconnect...
16-08-2023 12:47:06.786 [Thread-1] WARN   o.v.s.thread.UpdatePollingThread    : ---------------------------
16-08-2023 12:47:12.470 [Thread-1] WARN   o.v.s.thread.UpdatePollingThread    : ---------------------------
16-08-2023 12:47:12.471 [Thread-1] WARN   o.v.s.thread.UpdatePollingThread    : Can't connect to Telegram, check your internet connection.
16-08-2023 12:47:12.471 [Thread-1] WARN   o.v.s.thread.UpdatePollingThread    : Trying to reconnect...
16-08-2023 12:47:12.471 [Thread-1] WARN   o.v.s.thread.UpdatePollingThread    : ---------------------------
16-08-2023 12:47:18.136 [Thread-1] WARN   o.v.s.thread.UpdatePollingThread    : ---------------------------
16-08-2023 12:47:18.136 [Thread-1] WARN   o.v.s.thread.UpdatePollingThread    : Can't connect to Telegram, check your internet connection.
16-08-2023 12:47:18.136 [Thread-1] WARN   o.v.s.thread.UpdatePollingThread    : Trying to reconnect...
16-08-2023 12:47:18.136 [Thread-1] WARN   o.v.s.thread.UpdatePollingThread    : ---------------------------
16-08-2023 16:39:08.009 [main] INFO   org.vicary.Main                     : Starting Main using Java 20 with PID 61528 (/Users/vicary/IdeaProjects/TelegramBot/target/classes started by vicary in /Users/vicary/IdeaProjects/TelegramBot)
16-08-2023 16:39:08.010 [main] DEBUG  org.vicary.Main                     : Running with Spring Boot v3.1.2, Spring v6.0.11
16-08-2023 16:39:08.010 [main] INFO   org.vicary.Main                     : No active profile set, falling back to 1 default profile: "default"
16-08-2023 16:39:10.113 [main] INFO   org.vicary.Main                     : Started Main in 2.384 seconds (process running for 2.6)
16-08-2023 16:39:48.066 [pool-4-thread-1] INFO   o.v.s.youtube.YouTubeDownloader     : Downloading YouTube file: BwhRWpHxKdM
16-08-2023 16:46:09.147 [Thread-1] WARN   o.v.s.thread.UpdatePollingThread    : ---------------------------
16-08-2023 16:46:09.147 [Thread-1] WARN   o.v.s.thread.UpdatePollingThread    : Can't connect to Telegram, check your internet connection.
16-08-2023 16:46:09.147 [Thread-1] WARN   o.v.s.thread.UpdatePollingThread    : Trying to reconnect...
16-08-2023 16:46:09.147 [Thread-1] WARN   o.v.s.thread.UpdatePollingThread    : ---------------------------
16-08-2023 16:46:13.741 [main] INFO   org.vicary.Main                     : Starting Main using Java 20 with PID 61664 (/Users/vicary/IdeaProjects/TelegramBot/target/classes started by vicary in /Users/vicary/IdeaProjects/TelegramBot)
16-08-2023 16:46:13.741 [main] DEBUG  org.vicary.Main                     : Running with Spring Boot v3.1.2, Spring v6.0.11
16-08-2023 16:46:13.742 [main] INFO   org.vicary.Main                     : No active profile set, falling back to 1 default profile: "default"
16-08-2023 16:46:15.831 [main] INFO   org.vicary.Main                     : Started Main in 2.378 seconds (process running for 2.611)
16-08-2023 16:46:29.074 [pool-4-thread-1] INFO   o.v.s.youtube.YouTubeDownloader     : Downloading YouTube file 'QDQisE2Zml4'
16-08-2023 16:46:32.539 [pool-4-thread-1] INFO   o.v.s.youtube.YouTubeDownloader     : Successfully converted to mp3 file 'QDQisE2Zml4'
16-08-2023 16:51:17.248 [pool-4-thread-2] INFO   o.v.s.youtube.YouTubeDownloader     : Downloading YouTube file 'HG1CZEt8cA0'
16-08-2023 16:51:23.490 [pool-4-thread-2] INFO   o.v.s.youtube.YouTubeDownloader     : Successfully converted to mp3 file 'HG1CZEt8cA0'
16-08-2023 16:51:35.198 [main] INFO   org.vicary.Main                     : Starting Main using Java 20 with PID 61761 (/Users/vicary/IdeaProjects/TelegramBot/target/classes started by vicary in /Users/vicary/IdeaProjects/TelegramBot)
16-08-2023 16:51:35.199 [main] DEBUG  org.vicary.Main                     : Running with Spring Boot v3.1.2, Spring v6.0.11
16-08-2023 16:51:35.199 [main] INFO   org.vicary.Main                     : No active profile set, falling back to 1 default profile: "default"
16-08-2023 16:51:37.245 [main] INFO   org.vicary.Main                     : Started Main in 2.295 seconds (process running for 2.486)
16-08-2023 16:51:56.730 [pool-4-thread-1] INFO   o.v.s.youtube.YouTubeDownloader     : Downloading YouTube file 'VhEoCOWUtcU'
16-08-2023 16:52:00.615 [pool-4-thread-1] INFO   o.v.s.youtube.YouTubeDownloader     : Successfully converted to mp3 file 'VhEoCOWUtcU'
16-08-2023 16:52:59.090 [main] INFO   org.vicary.Main                     : Starting Main using Java 20 with PID 61816 (/Users/vicary/IdeaProjects/TelegramBot/target/classes started by vicary in /Users/vicary/IdeaProjects/TelegramBot)
16-08-2023 16:52:59.091 [main] DEBUG  org.vicary.Main                     : Running with Spring Boot v3.1.2, Spring v6.0.11
16-08-2023 16:52:59.092 [main] INFO   org.vicary.Main                     : No active profile set, falling back to 1 default profile: "default"
16-08-2023 16:53:01.229 [main] INFO   org.vicary.Main                     : Started Main in 2.389 seconds (process running for 2.572)
16-08-2023 16:53:09.020 [pool-4-thread-1] INFO   o.v.s.youtube.YouTubeDownloader     : Downloading YouTube file 'tyoxTAuOiUk'
16-08-2023 16:53:12.344 [pool-4-thread-1] INFO   o.v.s.youtube.YouTubeDownloader     : Successfully converted to mp3 file 'tyoxTAuOiUk'
16-08-2023 16:53:37.140 [main] INFO   org.vicary.Main                     : Starting Main using Java 20 with PID 61863 (/Users/vicary/IdeaProjects/TelegramBot/target/classes started by vicary in /Users/vicary/IdeaProjects/TelegramBot)
16-08-2023 16:53:37.141 [main] DEBUG  org.vicary.Main                     : Running with Spring Boot v3.1.2, Spring v6.0.11
16-08-2023 16:53:37.142 [main] INFO   org.vicary.Main                     : No active profile set, falling back to 1 default profile: "default"
16-08-2023 16:53:39.054 [main] INFO   org.vicary.Main                     : Started Main in 2.162 seconds (process running for 2.34)
16-08-2023 16:53:52.241 [pool-4-thread-1] INFO   o.v.s.youtube.YouTubeDownloader     : Downloading YouTube file 'BK4DZHDGgZI'
16-08-2023 16:53:56.108 [pool-4-thread-1] INFO   o.v.s.youtube.YouTubeDownloader     : Successfully converted to mp3 file 'BK4DZHDGgZI'
16-08-2023 16:54:28.353 [Thread-1] WARN   o.v.s.thread.UpdatePollingThread    : ---------------------------
16-08-2023 16:54:28.353 [Thread-1] WARN   o.v.s.thread.UpdatePollingThread    : Can't connect to Telegram, check your internet connection.
16-08-2023 16:54:28.354 [Thread-1] WARN   o.v.s.thread.UpdatePollingThread    : Trying to reconnect...
16-08-2023 16:54:28.354 [Thread-1] WARN   o.v.s.thread.UpdatePollingThread    : ---------------------------
16-08-2023 16:54:32.752 [main] INFO   org.vicary.Main                     : Starting Main using Java 20 with PID 61905 (/Users/vicary/IdeaProjects/TelegramBot/target/classes started by vicary in /Users/vicary/IdeaProjects/TelegramBot)
16-08-2023 16:54:32.753 [main] DEBUG  org.vicary.Main                     : Running with Spring Boot v3.1.2, Spring v6.0.11
16-08-2023 16:54:32.753 [main] INFO   org.vicary.Main                     : No active profile set, falling back to 1 default profile: "default"
16-08-2023 16:54:34.904 [main] INFO   org.vicary.Main                     : Started Main in 2.418 seconds (process running for 2.606)
16-08-2023 16:54:45.934 [pool-4-thread-1] INFO   o.v.s.youtube.YouTubeDownloader     : Downloading YouTube file 'dQAsaY0pKhI'
16-08-2023 16:54:49.922 [pool-4-thread-1] INFO   o.v.s.youtube.YouTubeDownloader     : Successfully converted to mp3 file 'dQAsaY0pKhI'
16-08-2023 16:56:59.551 [main] INFO   org.vicary.Main                     : Starting Main using Java 20 with PID 61996 (/Users/vicary/IdeaProjects/TelegramBot/target/classes started by vicary in /Users/vicary/IdeaProjects/TelegramBot)
16-08-2023 16:56:59.551 [main] DEBUG  org.vicary.Main                     : Running with Spring Boot v3.1.2, Spring v6.0.11
16-08-2023 16:56:59.552 [main] INFO   org.vicary.Main                     : No active profile set, falling back to 1 default profile: "default"
16-08-2023 16:57:01.762 [main] INFO   org.vicary.Main                     : Started Main in 2.52 seconds (process running for 2.746)
16-08-2023 16:57:08.813 [pool-4-thread-1] INFO   o.v.s.youtube.YouTubeDownloader     : Downloading YouTube file 'AWaLGd6PbtE'
16-08-2023 16:57:11.573 [pool-4-thread-1] INFO   o.v.s.youtube.YouTubeDownloader     : Successfully downloaded file 'AWaLGd6PbtE'
16-08-2023 16:57:11.635 [pool-4-thread-1] INFO   o.v.s.youtube.YouTubeDownloader     : Successfully converted to mp3 file 'AWaLGd6PbtE'
16-08-2023 16:57:57.047 [Thread-1] WARN   o.v.s.thread.UpdatePollingThread    : ---------------------------
16-08-2023 16:57:57.047 [Thread-1] WARN   o.v.s.thread.UpdatePollingThread    : Can't connect to Telegram, check your internet connection.
16-08-2023 16:57:57.047 [Thread-1] WARN   o.v.s.thread.UpdatePollingThread    : Trying to reconnect...
16-08-2023 16:57:57.048 [Thread-1] WARN   o.v.s.thread.UpdatePollingThread    : ---------------------------
16-08-2023 16:58:01.572 [main] INFO   org.vicary.Main                     : Starting Main using Java 20 with PID 62078 (/Users/vicary/IdeaProjects/TelegramBot/target/classes started by vicary in /Users/vicary/IdeaProjects/TelegramBot)
16-08-2023 16:58:01.573 [main] DEBUG  org.vicary.Main                     : Running with Spring Boot v3.1.2, Spring v6.0.11
16-08-2023 16:58:01.573 [main] INFO   org.vicary.Main                     : No active profile set, falling back to 1 default profile: "default"
16-08-2023 16:58:03.811 [main] INFO   org.vicary.Main                     : Started Main in 2.528 seconds (process running for 2.723)
16-08-2023 16:58:11.472 [pool-4-thread-1] INFO   o.v.s.youtube.YouTubeDownloader     : Downloading YouTube file 'eAQJwOLXhiQ'
16-08-2023 16:58:21.970 [pool-4-thread-1] INFO   o.v.s.youtube.YouTubeDownloader     : Successfully downloaded file 'eAQJwOLXhiQ'
16-08-2023 16:58:22.055 [pool-4-thread-1] INFO   o.v.s.youtube.YouTubeDownloader     : Successfully converted to mp3 file 'eAQJwOLXhiQ'
16-08-2023 17:05:17.458 [Thread-1] WARN   o.v.s.thread.UpdatePollingThread    : ---------------------------
16-08-2023 17:05:17.459 [Thread-1] WARN   o.v.s.thread.UpdatePollingThread    : Can't connect to Telegram, check your internet connection.
16-08-2023 17:05:17.459 [Thread-1] WARN   o.v.s.thread.UpdatePollingThread    : Trying to reconnect...
16-08-2023 17:05:17.459 [Thread-1] WARN   o.v.s.thread.UpdatePollingThread    : ---------------------------
16-08-2023 17:05:22.202 [main] INFO   org.vicary.Main                     : Starting Main using Java 20 with PID 62147 (/Users/vicary/IdeaProjects/TelegramBot/target/classes started by vicary in /Users/vicary/IdeaProjects/TelegramBot)
16-08-2023 17:05:22.203 [main] DEBUG  org.vicary.Main                     : Running with Spring Boot v3.1.2, Spring v6.0.11
16-08-2023 17:05:22.203 [main] INFO   org.vicary.Main                     : No active profile set, falling back to 1 default profile: "default"
16-08-2023 17:05:24.368 [main] INFO   org.vicary.Main                     : Started Main in 2.473 seconds (process running for 2.693)
16-08-2023 17:05:36.555 [pool-4-thread-1] INFO   o.v.s.youtube.YouTubeDownloader     : Downloading YouTube file 'I6BmakfJCBc'
16-08-2023 17:05:40.788 [pool-4-thread-1] INFO   o.v.s.youtube.YouTubeDownloader     : Successfully downloaded file 'I6BmakfJCBc'
16-08-2023 17:05:40.853 [pool-4-thread-1] INFO   o.v.s.youtube.YouTubeDownloader     : Successfully converted to mp3 file 'I6BmakfJCBc'
16-08-2023 17:05:43.182 [pool-4-thread-1] INFO   o.v.s.youtube.YouTubeDownloader     : Downloading thumbnail to file 'I6BmakfJCBc'
16-08-2023 17:05:44.022 [pool-4-thread-1] INFO   o.v.s.youtube.YouTubeDownloader     : Successfully downloaded thumbnail to file 'I6BmakfJCBc'
16-08-2023 17:12:47.540 [Thread-1] WARN   o.v.s.thread.UpdatePollingThread    : ---------------------------
16-08-2023 17:12:47.540 [Thread-1] WARN   o.v.s.thread.UpdatePollingThread    : Can't connect to Telegram, check your internet connection.
16-08-2023 17:12:47.540 [Thread-1] WARN   o.v.s.thread.UpdatePollingThread    : Trying to reconnect...
16-08-2023 17:12:47.541 [Thread-1] WARN   o.v.s.thread.UpdatePollingThread    : ---------------------------
16-08-2023 17:12:52.242 [main] INFO   org.vicary.Main                     : Starting Main using Java 20 with PID 62239 (/Users/vicary/IdeaProjects/TelegramBot/target/classes started by vicary in /Users/vicary/IdeaProjects/TelegramBot)
16-08-2023 17:12:52.243 [main] DEBUG  org.vicary.Main                     : Running with Spring Boot v3.1.2, Spring v6.0.11
16-08-2023 17:12:52.243 [main] INFO   org.vicary.Main                     : No active profile set, falling back to 1 default profile: "default"
16-08-2023 17:12:54.400 [main] INFO   org.vicary.Main                     : Started Main in 2.49 seconds (process running for 2.781)
16-08-2023 17:13:25.480 [pool-4-thread-1] INFO   o.v.s.youtube.YouTubeDownloader     : [download] Downloading YouTube file 'bm0OyhwFDuY'
16-08-2023 17:13:28.823 [pool-4-thread-1] INFO   o.v.s.youtube.YouTubeDownloader     : [download] Successfully downloaded file 'bm0OyhwFDuY'
16-08-2023 17:13:28.929 [pool-4-thread-1] INFO   o.v.s.youtube.YouTubeDownloader     : [convert] Successfully converted to mp3 file 'bm0OyhwFDuY'
16-08-2023 17:13:30.709 [pool-4-thread-1] INFO   o.v.s.youtube.YouTubeDownloader     : [download] Downloading thumbnail to file 'bm0OyhwFDuY'
16-08-2023 17:13:31.767 [pool-4-thread-1] INFO   o.v.s.youtube.YouTubeDownloader     : [download] Successfully downloaded thumbnail to file 'bm0OyhwFDuY'
16-08-2023 17:13:35.337 [pool-4-thread-1] INFO   o.v.s.youtube.YouTubeDownloader     : [delete] Deleting original file 9642917919.jpg
16-08-2023 17:13:35.344 [pool-4-thread-1] INFO   o.v.s.youtube.YouTubeDownloader     : [delete] Deleting original file #1 Java Introduction.mp3
16-08-2023 17:16:19.184 [Thread-1] WARN   o.v.s.thread.UpdatePollingThread    : ---------------------------
16-08-2023 17:16:19.185 [Thread-1] WARN   o.v.s.thread.UpdatePollingThread    : Can't connect to Telegram, check your internet connection.
16-08-2023 17:16:19.185 [Thread-1] WARN   o.v.s.thread.UpdatePollingThread    : Trying to reconnect...
16-08-2023 17:16:19.185 [Thread-1] WARN   o.v.s.thread.UpdatePollingThread    : ---------------------------
16-08-2023 17:16:23.589 [main] INFO   org.vicary.Main                     : Starting Main using Java 20 with PID 62312 (/Users/vicary/IdeaProjects/TelegramBot/target/classes started by vicary in /Users/vicary/IdeaProjects/TelegramBot)
16-08-2023 17:16:23.592 [main] DEBUG  org.vicary.Main                     : Running with Spring Boot v3.1.2, Spring v6.0.11
16-08-2023 17:16:23.593 [main] INFO   org.vicary.Main                     : No active profile set, falling back to 1 default profile: "default"
16-08-2023 17:16:25.782 [main] INFO   org.vicary.Main                     : Started Main in 2.464 seconds (process running for 2.661)
16-08-2023 17:16:33.937 [pool-4-thread-1] INFO   o.v.s.youtube.YouTubeDownloader     : [download] Downloading YouTube file '22x7hsoZ1cA'
16-08-2023 17:16:36.831 [pool-4-thread-1] INFO   o.v.s.youtube.YouTubeDownloader     : [download] Successfully downloaded file '22x7hsoZ1cA'
16-08-2023 17:16:36.889 [pool-4-thread-1] INFO   o.v.s.youtube.YouTubeDownloader     : [convert] Successfully converted to mp3 file '22x7hsoZ1cA'
16-08-2023 17:16:37.555 [pool-4-thread-1] INFO   o.v.s.youtube.YouTubeDownloader     : [download] Downloading thumbnail to file '22x7hsoZ1cA'
16-08-2023 17:16:38.853 [pool-4-thread-1] INFO   o.v.s.youtube.YouTubeDownloader     : [download] Successfully downloaded thumbnail to file '22x7hsoZ1cA'
16-08-2023 17:16:38.856 [pool-4-thread-1] INFO   o.v.s.bot_response.YouTubeResponse  : [send] Sending file to chatId '1935527130'
16-08-2023 17:16:40.019 [pool-4-thread-1] INFO   o.v.s.bot_response.YouTubeResponse  : [send] File sent successfully.
16-08-2023 17:16:40.022 [pool-4-thread-1] INFO   o.v.s.youtube.YouTubeDownloader     : [delete] Deleting original file 4295487316.jpg
16-08-2023 17:16:40.029 [pool-4-thread-1] INFO   o.v.s.youtube.YouTubeDownloader     : [delete] Deleting original file Risks of a chewing marathon.mp3
16-08-2023 17:17:42.287 [Thread-1] WARN   o.v.s.thread.UpdatePollingThread    : ---------------------------
16-08-2023 17:17:42.287 [Thread-1] WARN   o.v.s.thread.UpdatePollingThread    : Can't connect to Telegram, check your internet connection.
16-08-2023 17:17:42.287 [Thread-1] WARN   o.v.s.thread.UpdatePollingThread    : Trying to reconnect...
16-08-2023 17:17:42.287 [Thread-1] WARN   o.v.s.thread.UpdatePollingThread    : ---------------------------
16-08-2023 17:17:46.002 [main] INFO   org.vicary.Main                     : Starting Main using Java 20 with PID 62367 (/Users/vicary/IdeaProjects/TelegramBot/target/classes started by vicary in /Users/vicary/IdeaProjects/TelegramBot)
16-08-2023 17:17:46.003 [main] DEBUG  org.vicary.Main                     : Running with Spring Boot v3.1.2, Spring v6.0.11
16-08-2023 17:17:46.003 [main] INFO   org.vicary.Main                     : No active profile set, falling back to 1 default profile: "default"
16-08-2023 17:17:47.954 [main] INFO   org.vicary.Main                     : Started Main in 2.2 seconds (process running for 2.393)
16-08-2023 17:18:27.507 [pool-4-thread-1] INFO   o.v.s.youtube.YouTubeDownloader     : [download] Downloading YouTube file 'Rdt1x8amtzk'
16-08-2023 17:18:32.003 [pool-4-thread-1] INFO   o.v.s.youtube.YouTubeDownloader     : [download] Successfully downloaded file 'Rdt1x8amtzk'
16-08-2023 17:18:32.126 [pool-4-thread-1] INFO   o.v.s.youtube.YouTubeDownloader     : [convert] Successfully converted to mp3 file 'Rdt1x8amtzk'
16-08-2023 17:18:40.441 [pool-4-thread-1] INFO   o.v.s.youtube.YouTubeDownloader     : [download] Downloading thumbnail to file 'Rdt1x8amtzk'
16-08-2023 17:18:41.690 [pool-4-thread-1] INFO   o.v.s.youtube.YouTubeDownloader     : [download] Successfully downloaded thumbnail to file 'Rdt1x8amtzk'
16-08-2023 17:18:41.695 [pool-4-thread-1] INFO   o.v.s.bot_response.YouTubeResponse  : [send] Sending file to chatId '1935527130'
16-08-2023 17:19:03.300 [pool-4-thread-1] INFO   o.v.s.bot_response.YouTubeResponse  : [send] File sent successfully.
16-08-2023 17:19:03.309 [pool-4-thread-1] INFO   o.v.s.youtube.YouTubeDownloader     : [delete] Deleting original file 1394031717.jpg
16-08-2023 17:19:03.317 [pool-4-thread-1] INFO   o.v.s.youtube.YouTubeDownloader     : [delete] Deleting original file 7 CUDÓW ŚWIATA GOTHIC.mp3
16-08-2023 17:49:22.558 [Thread-1] WARN   o.v.s.thread.UpdatePollingThread    : ---------------------------
16-08-2023 17:49:22.558 [Thread-1] WARN   o.v.s.thread.UpdatePollingThread    : Can't connect to Telegram, check your internet connection.
16-08-2023 17:49:22.558 [Thread-1] WARN   o.v.s.thread.UpdatePollingThread    : Trying to reconnect...
16-08-2023 17:49:22.558 [Thread-1] WARN   o.v.s.thread.UpdatePollingThread    : ---------------------------
16-08-2023 17:49:27.509 [main] INFO   org.vicary.Main                     : Starting Main using Java 20 with PID 62670 (/Users/vicary/IdeaProjects/TelegramBot/target/classes started by vicary in /Users/vicary/IdeaProjects/TelegramBot)
16-08-2023 17:49:27.509 [main] DEBUG  org.vicary.Main                     : Running with Spring Boot v3.1.2, Spring v6.0.11
16-08-2023 17:49:27.510 [main] INFO   org.vicary.Main                     : No active profile set, falling back to 1 default profile: "default"
16-08-2023 17:49:49.322 [main] INFO   org.vicary.Main                     : Starting Main using Java 20 with PID 62703 (/Users/vicary/IdeaProjects/TelegramBot/target/classes started by vicary in /Users/vicary/IdeaProjects/TelegramBot)
16-08-2023 17:49:49.322 [main] DEBUG  org.vicary.Main                     : Running with Spring Boot v3.1.2, Spring v6.0.11
16-08-2023 17:49:49.323 [main] INFO   org.vicary.Main                     : No active profile set, falling back to 1 default profile: "default"
16-08-2023 17:49:51.463 [main] INFO   org.vicary.Main                     : Started Main in 2.401 seconds (process running for 2.59)
16-08-2023 17:50:06.375 [pool-4-thread-1] INFO   o.v.s.youtube.YouTubeDownloader     : [download] Downloading YouTube file 'ZTKYZSL3PG0'
16-08-2023 17:50:10.439 [pool-4-thread-1] INFO   o.v.s.youtube.YouTubeDownloader     : [download] Successfully downloaded file 'ZTKYZSL3PG0'
16-08-2023 17:50:10.525 [pool-4-thread-1] INFO   o.v.s.youtube.YouTubeDownloader     : [convert] Successfully converted to mp3 file 'ZTKYZSL3PG0'
16-08-2023 17:50:15.292 [pool-4-thread-1] INFO   o.v.s.youtube.YouTubeDownloader     : [download] Downloading thumbnail to file 'ZTKYZSL3PG0'
16-08-2023 17:50:16.275 [pool-4-thread-1] INFO   o.v.s.youtube.YouTubeDownloader     : [download] Successfully downloaded thumbnail to file 'ZTKYZSL3PG0'
16-08-2023 17:50:16.276 [pool-4-thread-1] INFO   o.v.s.bot_response.YouTubeResponse  : [send] Sending file 'ZTKYZSL3PG0' to chatId '1935527130'
16-08-2023 17:50:25.658 [pool-4-thread-1] INFO   o.v.s.bot_response.YouTubeResponse  : [send] File sent successfully.
16-08-2023 17:50:25.670 [pool-4-thread-1] INFO   o.v.s.youtube.YouTubeDownloader     : [delete] Deleting original file 5997986974.jpg
16-08-2023 17:50:25.679 [pool-4-thread-1] INFO   o.v.s.youtube.YouTubeDownloader     : [delete] Deleting original file clips that made xQc famous 2.mp3
16-08-2023 18:18:19.769 [Thread-1] WARN   o.v.s.thread.UpdatePollingThread    : ---------------------------
16-08-2023 18:18:19.769 [Thread-1] WARN   o.v.s.thread.UpdatePollingThread    : Can't connect to Telegram, check your internet connection.
16-08-2023 18:18:19.769 [Thread-1] WARN   o.v.s.thread.UpdatePollingThread    : Trying to reconnect...
16-08-2023 18:18:19.769 [Thread-1] WARN   o.v.s.thread.UpdatePollingThread    : ---------------------------
16-08-2023 18:18:24.357 [main] INFO   org.vicary.Main                     : Starting Main using Java 20 with PID 63131 (/Users/vicary/IdeaProjects/TelegramBot/target/classes started by vicary in /Users/vicary/IdeaProjects/TelegramBot)
16-08-2023 18:18:24.357 [main] DEBUG  org.vicary.Main                     : Running with Spring Boot v3.1.2, Spring v6.0.11
16-08-2023 18:18:24.358 [main] INFO   org.vicary.Main                     : No active profile set, falling back to 1 default profile: "default"
16-08-2023 18:18:26.419 [main] INFO   org.vicary.Main                     : Started Main in 2.337 seconds (process running for 2.549)
16-08-2023 18:18:29.797 [Thread-1] WARN   o.v.s.thread.UpdatePollingThread    : ---------------------------
16-08-2023 18:18:29.798 [Thread-1] WARN   o.v.s.thread.UpdatePollingThread    : Can't connect to Telegram, check your internet connection.
16-08-2023 18:18:29.798 [Thread-1] WARN   o.v.s.thread.UpdatePollingThread    : Trying to reconnect...
16-08-2023 18:18:29.798 [Thread-1] WARN   o.v.s.thread.UpdatePollingThread    : ---------------------------
16-08-2023 19:45:28.133 [main] INFO   org.vicary.Main                     : Starting Main using Java 20 with PID 64031 (/Users/vicary/IdeaProjects/TelegramBot/target/classes started by vicary in /Users/vicary/IdeaProjects/TelegramBot)
16-08-2023 19:45:28.134 [main] DEBUG  org.vicary.Main                     : Running with Spring Boot v3.1.2, Spring v6.0.11
16-08-2023 19:45:28.134 [main] INFO   org.vicary.Main                     : No active profile set, falling back to 1 default profile: "default"
16-08-2023 19:45:30.208 [main] INFO   org.vicary.Main                     : Started Main in 2.335 seconds (process running for 2.532)
16-08-2023 19:45:48.759 [pool-4-thread-1] INFO   o.v.s.youtube.YouTubeDownloader     : [download] Downloading YouTube file '01309DsODvo'
16-08-2023 19:45:51.923 [pool-4-thread-1] INFO   o.v.s.youtube.YouTubeDownloader     : [download] Successfully downloaded file '01309DsODvo'
16-08-2023 19:45:52.031 [pool-4-thread-1] INFO   o.v.s.youtube.YouTubeDownloader     : [convert] Successfully converted to mp3 file '01309DsODvo'
16-08-2023 19:45:57.166 [pool-4-thread-1] INFO   o.v.s.youtube.YouTubeDownloader     : [download] Downloading thumbnail to file '01309DsODvo'
16-08-2023 19:45:58.346 [pool-4-thread-1] INFO   o.v.s.youtube.YouTubeDownloader     : [download] Successfully downloaded thumbnail to file '01309DsODvo'
16-08-2023 19:45:58.349 [pool-4-thread-1] INFO   o.v.s.bot_response.YouTubeResponse  : [send] Sending file '01309DsODvo' to chatId '1935527130'
16-08-2023 19:46:08.095 [pool-4-thread-1] INFO   o.v.s.bot_response.YouTubeResponse  : [send] File sent successfully.
16-08-2023 19:46:08.102 [pool-4-thread-1] INFO   o.v.s.youtube.YouTubeDownloader     : [delete] Deleting original file 4876630282.jpg
16-08-2023 19:46:08.108 [pool-4-thread-1] INFO   o.v.s.youtube.YouTubeDownloader     : [delete] Deleting original file The Most Nostalgic Overwatch Clips.mp3
16-08-2023 19:47:39.521 [main] INFO   org.vicary.Main                     : Starting Main using Java 20 with PID 64143 (/Users/vicary/IdeaProjects/TelegramBot/target/classes started by vicary in /Users/vicary/IdeaProjects/TelegramBot)
16-08-2023 19:47:39.522 [main] DEBUG  org.vicary.Main                     : Running with Spring Boot v3.1.2, Spring v6.0.11
16-08-2023 19:47:39.522 [main] INFO   org.vicary.Main                     : No active profile set, falling back to 1 default profile: "default"
16-08-2023 19:47:41.452 [main] INFO   org.vicary.Main                     : Started Main in 2.181 seconds (process running for 2.365)
16-08-2023 19:49:16.159 [main] INFO   org.vicary.Main                     : Starting Main using Java 20 with PID 64212 (/Users/vicary/IdeaProjects/TelegramBot/target/classes started by vicary in /Users/vicary/IdeaProjects/TelegramBot)
16-08-2023 19:49:16.160 [main] DEBUG  org.vicary.Main                     : Running with Spring Boot v3.1.2, Spring v6.0.11
16-08-2023 19:49:16.160 [main] INFO   org.vicary.Main                     : No active profile set, falling back to 1 default profile: "default"
16-08-2023 19:49:18.101 [main] INFO   org.vicary.Main                     : Started Main in 2.217 seconds (process running for 2.394)
16-08-2023 19:51:01.821 [main] INFO   org.vicary.Main                     : Starting Main using Java 20 with PID 64238 (/Users/vicary/IdeaProjects/TelegramBot/target/classes started by vicary in /Users/vicary/IdeaProjects/TelegramBot)
16-08-2023 19:51:01.821 [main] DEBUG  org.vicary.Main                     : Running with Spring Boot v3.1.2, Spring v6.0.11
16-08-2023 19:51:01.822 [main] INFO   org.vicary.Main                     : No active profile set, falling back to 1 default profile: "default"
16-08-2023 19:51:03.805 [main] INFO   org.vicary.Main                     : Started Main in 2.241 seconds (process running for 2.421)
16-08-2023 19:51:30.124 [Thread-1] WARN   o.v.s.thread.UpdatePollingThread    : ---------------------------
16-08-2023 19:51:30.124 [Thread-1] WARN   o.v.s.thread.UpdatePollingThread    : Can't connect to Telegram, check your internet connection.
16-08-2023 19:51:30.124 [Thread-1] WARN   o.v.s.thread.UpdatePollingThread    : Trying to reconnect...
16-08-2023 19:51:30.124 [Thread-1] WARN   o.v.s.thread.UpdatePollingThread    : ---------------------------
16-08-2023 19:51:33.878 [main] INFO   org.vicary.Main                     : Starting Main using Java 20 with PID 64278 (/Users/vicary/IdeaProjects/TelegramBot/target/classes started by vicary in /Users/vicary/IdeaProjects/TelegramBot)
16-08-2023 19:51:33.879 [main] DEBUG  org.vicary.Main                     : Running with Spring Boot v3.1.2, Spring v6.0.11
16-08-2023 19:51:33.880 [main] INFO   org.vicary.Main                     : No active profile set, falling back to 1 default profile: "default"
16-08-2023 19:51:35.804 [main] INFO   org.vicary.Main                     : Started Main in 2.185 seconds (process running for 2.366)
16-08-2023 19:53:19.320 [main] INFO   org.vicary.Main                     : Starting Main using Java 20 with PID 64314 (/Users/vicary/IdeaProjects/TelegramBot/target/classes started by vicary in /Users/vicary/IdeaProjects/TelegramBot)
16-08-2023 19:53:19.320 [main] DEBUG  org.vicary.Main                     : Running with Spring Boot v3.1.2, Spring v6.0.11
16-08-2023 19:53:19.322 [main] INFO   org.vicary.Main                     : No active profile set, falling back to 1 default profile: "default"
16-08-2023 19:53:21.376 [main] INFO   org.vicary.Main                     : Started Main in 2.305 seconds (process running for 2.513)
16-08-2023 19:56:56.025 [main] INFO   org.vicary.Main                     : Starting Main using Java 20 with PID 64392 (/Users/vicary/IdeaProjects/TelegramBot/target/classes started by vicary in /Users/vicary/IdeaProjects/TelegramBot)
16-08-2023 19:56:56.025 [main] DEBUG  org.vicary.Main                     : Running with Spring Boot v3.1.2, Spring v6.0.11
16-08-2023 19:56:56.026 [main] INFO   org.vicary.Main                     : No active profile set, falling back to 1 default profile: "default"
16-08-2023 19:56:58.033 [main] INFO   org.vicary.Main                     : Started Main in 2.283 seconds (process running for 2.489)
16-08-2023 19:57:01.554 [pool-4-thread-1] INFO   org.vicary.service.UserService      : New user '1935527130' saved to repository.
16-08-2023 19:57:01.554 [pool-4-thread-1] INFO   org.vicary.service.UserService      : User 'vicary1' updated to Premium.
16-08-2023 19:58:35.452 [Thread-1] WARN   o.v.s.thread.UpdatePollingThread    : ---------------------------
16-08-2023 19:58:35.452 [Thread-1] WARN   o.v.s.thread.UpdatePollingThread    : Can't connect to Telegram, check your internet connection.
16-08-2023 19:58:35.452 [Thread-1] WARN   o.v.s.thread.UpdatePollingThread    : Trying to reconnect...
16-08-2023 19:58:35.452 [Thread-1] WARN   o.v.s.thread.UpdatePollingThread    : ---------------------------
16-08-2023 19:58:39.320 [main] INFO   org.vicary.Main                     : Starting Main using Java 20 with PID 64420 (/Users/vicary/IdeaProjects/TelegramBot/target/classes started by vicary in /Users/vicary/IdeaProjects/TelegramBot)
16-08-2023 19:58:39.320 [main] DEBUG  org.vicary.Main                     : Running with Spring Boot v3.1.2, Spring v6.0.11
16-08-2023 19:58:39.321 [main] INFO   org.vicary.Main                     : No active profile set, falling back to 1 default profile: "default"
16-08-2023 19:58:41.344 [main] INFO   org.vicary.Main                     : Started Main in 2.283 seconds (process running for 2.462)
16-08-2023 19:58:42.979 [pool-4-thread-1] DEBUG  org.vicary.service.UserService      : User already exists: true
16-08-2023 20:01:53.909 [Thread-1] WARN   o.v.s.thread.UpdatePollingThread    : ---------------------------
16-08-2023 20:01:53.909 [Thread-1] WARN   o.v.s.thread.UpdatePollingThread    : Can't connect to Telegram, check your internet connection.
16-08-2023 20:01:53.909 [Thread-1] WARN   o.v.s.thread.UpdatePollingThread    : Trying to reconnect...
16-08-2023 20:01:53.909 [Thread-1] WARN   o.v.s.thread.UpdatePollingThread    : ---------------------------
16-08-2023 20:01:58.115 [main] INFO   org.vicary.Main                     : Starting Main using Java 20 with PID 64482 (/Users/vicary/IdeaProjects/TelegramBot/target/classes started by vicary in /Users/vicary/IdeaProjects/TelegramBot)
16-08-2023 20:01:58.116 [main] DEBUG  org.vicary.Main                     : Running with Spring Boot v3.1.2, Spring v6.0.11
16-08-2023 20:01:58.116 [main] INFO   org.vicary.Main                     : No active profile set, falling back to 1 default profile: "default"
16-08-2023 20:02:00.137 [main] INFO   org.vicary.Main                     : Started Main in 2.271 seconds (process running for 2.457)
16-08-2023 20:02:09.033 [pool-4-thread-1] INFO   org.vicary.service.UserService      : User 'vicary1' updated to Standard.
16-08-2023 20:03:16.345 [main] INFO   org.vicary.Main                     : Starting Main using Java 20 with PID 64504 (/Users/vicary/IdeaProjects/TelegramBot/target/classes started by vicary in /Users/vicary/IdeaProjects/TelegramBot)
16-08-2023 20:03:16.346 [main] DEBUG  org.vicary.Main                     : Running with Spring Boot v3.1.2, Spring v6.0.11
16-08-2023 20:03:16.347 [main] INFO   org.vicary.Main                     : No active profile set, falling back to 1 default profile: "default"
16-08-2023 20:03:21.602 [main] INFO   org.vicary.Main                     : Starting Main using Java 20 with PID 64521 (/Users/vicary/IdeaProjects/TelegramBot/target/classes started by vicary in /Users/vicary/IdeaProjects/TelegramBot)
16-08-2023 20:03:21.604 [main] DEBUG  org.vicary.Main                     : Running with Spring Boot v3.1.2, Spring v6.0.11
16-08-2023 20:03:21.604 [main] INFO   org.vicary.Main                     : No active profile set, falling back to 1 default profile: "default"
16-08-2023 20:03:23.539 [Thread-1] WARN   o.v.s.thread.UpdatePollingThread    : ---------------------------
16-08-2023 20:03:23.540 [Thread-1] WARN   o.v.s.thread.UpdatePollingThread    : Can't connect to Telegram, check your internet connection.
16-08-2023 20:03:23.540 [Thread-1] WARN   o.v.s.thread.UpdatePollingThread    : Trying to reconnect...
16-08-2023 20:03:23.540 [Thread-1] WARN   o.v.s.thread.UpdatePollingThread    : ---------------------------
16-08-2023 20:03:23.628 [main] INFO   org.vicary.Main                     : Started Main in 2.3 seconds (process running for 2.488)
16-08-2023 20:03:28.252 [main] INFO   org.vicary.Main                     : Starting Main using Java 20 with PID 64538 (/Users/vicary/IdeaProjects/TelegramBot/target/classes started by vicary in /Users/vicary/IdeaProjects/TelegramBot)
16-08-2023 20:03:28.253 [main] DEBUG  org.vicary.Main                     : Running with Spring Boot v3.1.2, Spring v6.0.11
16-08-2023 20:03:28.253 [main] INFO   org.vicary.Main                     : No active profile set, falling back to 1 default profile: "default"
16-08-2023 20:03:30.244 [main] INFO   org.vicary.Main                     : Started Main in 2.245 seconds (process running for 2.437)
16-08-2023 20:52:27.479 [main] INFO   org.vicary.Main                     : Starting Main using Java 20 with PID 64988 (/Users/vicary/IdeaProjects/TelegramBot/target/classes started by vicary in /Users/vicary/IdeaProjects/TelegramBot)
16-08-2023 20:52:27.480 [main] DEBUG  org.vicary.Main                     : Running with Spring Boot v3.1.2, Spring v6.0.11
16-08-2023 20:52:27.481 [main] INFO   org.vicary.Main                     : No active profile set, falling back to 1 default profile: "default"
16-08-2023 20:52:29.639 [main] INFO   org.vicary.Main                     : Started Main in 2.45 seconds (process running for 2.722)
16-08-2023 20:53:01.411 [Thread-1] WARN   o.v.s.thread.UpdatePollingThread    : ---------------------------
16-08-2023 20:53:01.411 [Thread-1] WARN   o.v.s.thread.UpdatePollingThread    : Can't connect to Telegram, check your internet connection.
16-08-2023 20:53:01.411 [Thread-1] WARN   o.v.s.thread.UpdatePollingThread    : Trying to reconnect...
16-08-2023 20:53:01.411 [Thread-1] WARN   o.v.s.thread.UpdatePollingThread    : ---------------------------
16-08-2023 20:53:04.898 [main] INFO   org.vicary.Main                     : Starting Main using Java 20 with PID 65045 (/Users/vicary/IdeaProjects/TelegramBot/target/classes started by vicary in /Users/vicary/IdeaProjects/TelegramBot)
16-08-2023 20:53:04.898 [main] DEBUG  org.vicary.Main                     : Running with Spring Boot v3.1.2, Spring v6.0.11
16-08-2023 20:53:04.899 [main] INFO   org.vicary.Main                     : No active profile set, falling back to 1 default profile: "default"
16-08-2023 20:53:06.954 [main] INFO   org.vicary.Main                     : Started Main in 2.403 seconds (process running for 2.656)
16-08-2023 20:54:14.605 [Thread-1] WARN   o.v.s.thread.UpdatePollingThread    : ---------------------------
16-08-2023 20:54:14.605 [Thread-1] WARN   o.v.s.thread.UpdatePollingThread    : Can't connect to Telegram, check your internet connection.
16-08-2023 20:54:14.605 [Thread-1] WARN   o.v.s.thread.UpdatePollingThread    : Trying to reconnect...
16-08-2023 20:54:14.605 [Thread-1] WARN   o.v.s.thread.UpdatePollingThread    : ---------------------------
16-08-2023 20:54:17.955 [main] INFO   org.vicary.Main                     : Starting Main using Java 20 with PID 65123 (/Users/vicary/IdeaProjects/TelegramBot/target/classes started by vicary in /Users/vicary/IdeaProjects/TelegramBot)
16-08-2023 20:54:17.956 [main] DEBUG  org.vicary.Main                     : Running with Spring Boot v3.1.2, Spring v6.0.11
16-08-2023 20:54:17.957 [main] INFO   org.vicary.Main                     : No active profile set, falling back to 1 default profile: "default"
16-08-2023 20:54:20.209 [main] INFO   org.vicary.Main                     : Started Main in 2.53 seconds (process running for 2.723)
16-08-2023 20:54:28.478 [main] INFO   org.vicary.Main                     : Starting Main using Java 20 with PID 65146 (/Users/vicary/IdeaProjects/TelegramBot/target/classes started by vicary in /Users/vicary/IdeaProjects/TelegramBot)
16-08-2023 20:54:28.478 [main] DEBUG  org.vicary.Main                     : Running with Spring Boot v3.1.2, Spring v6.0.11
16-08-2023 20:54:28.479 [main] INFO   org.vicary.Main                     : No active profile set, falling back to 1 default profile: "default"
16-08-2023 20:54:30.493 [main] INFO   org.vicary.Main                     : Started Main in 2.293 seconds (process running for 2.482)
16-08-2023 20:55:01.110 [Thread-1] WARN   o.v.s.thread.UpdatePollingThread    : ---------------------------
16-08-2023 20:55:01.110 [Thread-1] WARN   o.v.s.thread.UpdatePollingThread    : Can't connect to Telegram, check your internet connection.
16-08-2023 20:55:01.110 [Thread-1] WARN   o.v.s.thread.UpdatePollingThread    : Trying to reconnect...
16-08-2023 20:55:01.110 [Thread-1] WARN   o.v.s.thread.UpdatePollingThread    : ---------------------------
16-08-2023 20:55:04.502 [main] INFO   org.vicary.Main                     : Starting Main using Java 20 with PID 65173 (/Users/vicary/IdeaProjects/TelegramBot/target/classes started by vicary in /Users/vicary/IdeaProjects/TelegramBot)
16-08-2023 20:55:04.502 [main] DEBUG  org.vicary.Main                     : Running with Spring Boot v3.1.2, Spring v6.0.11
16-08-2023 20:55:04.502 [main] INFO   org.vicary.Main                     : No active profile set, falling back to 1 default profile: "default"
16-08-2023 20:55:06.512 [main] INFO   org.vicary.Main                     : Started Main in 2.3 seconds (process running for 2.495)
16-08-2023 20:55:10.146 [Thread-1] WARN   o.v.s.thread.UpdatePollingThread    : ---------------------------
16-08-2023 20:55:10.147 [Thread-1] WARN   o.v.s.thread.UpdatePollingThread    : Can't connect to Telegram, check your internet connection.
16-08-2023 20:55:10.147 [Thread-1] WARN   o.v.s.thread.UpdatePollingThread    : Trying to reconnect...
16-08-2023 20:55:10.147 [Thread-1] WARN   o.v.s.thread.UpdatePollingThread    : ---------------------------
16-08-2023 20:55:13.371 [main] INFO   org.vicary.Main                     : Starting Main using Java 20 with PID 65189 (/Users/vicary/IdeaProjects/TelegramBot/target/classes started by vicary in /Users/vicary/IdeaProjects/TelegramBot)
16-08-2023 20:55:13.372 [main] DEBUG  org.vicary.Main                     : Running with Spring Boot v3.1.2, Spring v6.0.11
16-08-2023 20:55:13.373 [main] INFO   org.vicary.Main                     : No active profile set, falling back to 1 default profile: "default"
16-08-2023 20:55:15.334 [main] INFO   org.vicary.Main                     : Started Main in 2.228 seconds (process running for 2.42)
16-08-2023 21:03:24.928 [main] INFO   org.vicary.Main                     : Starting Main using Java 20 with PID 65300 (/Users/vicary/IdeaProjects/TelegramBot/target/classes started by vicary in /Users/vicary/IdeaProjects/TelegramBot)
16-08-2023 21:03:24.929 [main] DEBUG  org.vicary.Main                     : Running with Spring Boot v3.1.2, Spring v6.0.11
16-08-2023 21:03:24.929 [main] INFO   org.vicary.Main                     : No active profile set, falling back to 1 default profile: "default"
16-08-2023 21:03:27.169 [main] INFO   org.vicary.Main                     : Started Main in 2.507 seconds (process running for 2.704)
16-08-2023 21:03:37.027 [pool-4-thread-1] INFO   org.vicary.service.UserService      : User 'vicary1' updated to Admin.
16-08-2023 21:03:57.977 [pool-4-thread-1] INFO   org.vicary.service.UserService      : User 'vicary1' updated to Non-Admin.
16-08-2023 21:05:00.457 [pool-4-thread-2] INFO   org.vicary.service.UserService      : User 'vicary1' updated to Admin.
16-08-2023 21:05:12.035 [main] INFO   org.vicary.Main                     : Starting Main using Java 20 with PID 65398 (/Users/vicary/IdeaProjects/TelegramBot/target/classes started by vicary in /Users/vicary/IdeaProjects/TelegramBot)
16-08-2023 21:05:12.036 [main] DEBUG  org.vicary.Main                     : Running with Spring Boot v3.1.2, Spring v6.0.11
16-08-2023 21:05:12.036 [main] INFO   org.vicary.Main                     : No active profile set, falling back to 1 default profile: "default"
16-08-2023 21:05:14.016 [main] INFO   org.vicary.Main                     : Started Main in 2.236 seconds (process running for 2.42)
16-08-2023 21:11:25.077 [main] INFO   org.vicary.Main                     : Starting Main using Java 20 with PID 65477 (/Users/vicary/IdeaProjects/TelegramBot/target/classes started by vicary in /Users/vicary/IdeaProjects/TelegramBot)
16-08-2023 21:11:25.078 [main] DEBUG  org.vicary.Main                     : Running with Spring Boot v3.1.2, Spring v6.0.11
16-08-2023 21:11:25.079 [main] INFO   org.vicary.Main                     : No active profile set, falling back to 1 default profile: "default"
16-08-2023 21:11:27.097 [main] INFO   org.vicary.Main                     : Started Main in 2.31 seconds (process running for 2.505)
16-08-2023 21:11:32.255 [pool-4-thread-1] INFO   org.vicary.service.UserService      : User 'vicary1' updated to Premium.
16-08-2023 21:11:48.507 [pool-4-thread-1] INFO   org.vicary.service.UserService      : User 'vicary1' updated to Non-Admin.
16-08-2023 21:13:12.619 [main] INFO   org.vicary.Main                     : Starting Main using Java 20 with PID 65512 (/Users/vicary/IdeaProjects/TelegramBot/target/classes started by vicary in /Users/vicary/IdeaProjects/TelegramBot)
16-08-2023 21:13:12.619 [main] DEBUG  org.vicary.Main                     : Running with Spring Boot v3.1.2, Spring v6.0.11
16-08-2023 21:13:12.620 [main] INFO   org.vicary.Main                     : No active profile set, falling back to 1 default profile: "default"
16-08-2023 21:13:14.692 [main] INFO   org.vicary.Main                     : Started Main in 2.411 seconds (process running for 2.591)
16-08-2023 21:13:16.470 [pool-4-thread-1] INFO   org.vicary.service.UserService      : User 'vicary1' updated to Admin.
16-08-2023 21:13:28.994 [main] INFO   org.vicary.Main                     : Starting Main using Java 20 with PID 65528 (/Users/vicary/IdeaProjects/TelegramBot/target/classes started by vicary in /Users/vicary/IdeaProjects/TelegramBot)
16-08-2023 21:13:28.995 [main] DEBUG  org.vicary.Main                     : Running with Spring Boot v3.1.2, Spring v6.0.11
16-08-2023 21:13:28.995 [main] INFO   org.vicary.Main                     : No active profile set, falling back to 1 default profile: "default"
16-08-2023 21:13:30.988 [main] INFO   org.vicary.Main                     : Started Main in 2.241 seconds (process running for 2.423)
16-08-2023 21:15:18.093 [main] INFO   org.vicary.Main                     : Starting Main using Java 20 with PID 65548 (/Users/vicary/IdeaProjects/TelegramBot/target/classes started by vicary in /Users/vicary/IdeaProjects/TelegramBot)
16-08-2023 21:15:18.094 [main] DEBUG  org.vicary.Main                     : Running with Spring Boot v3.1.2, Spring v6.0.11
16-08-2023 21:15:18.095 [main] INFO   org.vicary.Main                     : No active profile set, falling back to 1 default profile: "default"
16-08-2023 21:15:20.061 [main] INFO   org.vicary.Main                     : Started Main in 2.215 seconds (process running for 2.398)
16-08-2023 21:15:27.371 [pool-4-thread-2] INFO   org.vicary.service.UserService      : User 'vicary1' updated to Standard.
